<?xml version="1.0" encoding="UTF-8"?>
<testng-results ignored="0" total="3" passed="3" failed="0" skipped="0">
  <reporter-output>
  </reporter-output>
  <suite started-at="2019-04-24T16:34:27Z" name="Default suite" finished-at="2019-04-24T16:34:28Z" duration-ms="1119">
    <groups>
    </groups>
    <test started-at="2019-04-24T16:34:27Z" name="Default test" finished-at="2019-04-24T16:34:28Z" duration-ms="1119">
      <class name="tests.TestWithDataProvider">
        <test-method signature="dataProviderTest(java.lang.String, java.lang.String, java.lang.String)[pri:0, instance:tests.TestWithDataProvider@1757cd72]" started-at="2019-04-24T16:34:28Z" name="dataProviderTest" data-provider="data" finished-at="2019-04-24T16:34:28Z" duration-ms="16" status="PASS">
          <params>
            <param index="0">
              <value>
                <![CDATA[1]]>
              </value>
            </param>
            <param index="1">
              <value>
                <![CDATA[2]]>
              </value>
            </param>
            <param index="2">
              <value>
                <![CDATA[3]]>
              </value>
            </param>
          </params>
          <reporter-output>
          </reporter-output>
        </test-method> <!-- dataProviderTest -->
        <test-method signature="dataProviderTest(java.lang.String, java.lang.String, java.lang.String)[pri:0, instance:tests.TestWithDataProvider@1757cd72]" started-at="2019-04-24T16:34:28Z" name="dataProviderTest" data-provider="data" finished-at="2019-04-24T16:34:28Z" duration-ms="3" status="PASS">
          <params>
            <param index="0">
              <value>
                <![CDATA[12]]>
              </value>
            </param>
            <param index="1">
              <value>
                <![CDATA[13]]>
              </value>
            </param>
            <param index="2">
              <value>
                <![CDATA[14]]>
              </value>
            </param>
          </params>
          <reporter-output>
          </reporter-output>
        </test-method> <!-- dataProviderTest -->
        <test-method signature="dataProviderTest(java.lang.String, java.lang.String, java.lang.String)[pri:0, instance:tests.TestWithDataProvider@1757cd72]" started-at="2019-04-24T16:34:28Z" name="dataProviderTest" data-provider="data" finished-at="2019-04-24T16:34:28Z" duration-ms="5" status="PASS">
          <params>
            <param index="0">
              <value>
                <![CDATA[a]]>
              </value>
            </param>
            <param index="1">
              <value>
                <![CDATA[b]]>
              </value>
            </param>
            <param index="2">
              <value>
                <![CDATA[c]]>
              </value>
            </param>
          </params>
          <reporter-output>
          </reporter-output>
        </test-method> <!-- dataProviderTest -->
      </class> <!-- tests.TestWithDataProvider -->
    </test> <!-- Default test -->
  </suite> <!-- Default suite -->
</testng-results>
