<?xml version="1.0" encoding="UTF-8"?>
<testng-results ignored="0" total="1" passed="1" failed="0" skipped="0">
  <reporter-output>
  </reporter-output>
  <suite started-at="2019-04-26T20:02:53Z" name="Default suite" finished-at="2019-04-26T20:02:59Z" duration-ms="6836">
    <groups>
    </groups>
    <test started-at="2019-04-26T20:02:53Z" name="Default test" finished-at="2019-04-26T20:02:59Z" duration-ms="6836">
      <class name="tests.TestWithAutoIT">
        <test-method is-config="true" signature="setUp()[pri:0, instance:tests.TestWithAutoIT@762ef0ea]" started-at="2019-04-26T20:02:53Z" name="setUp" finished-at="2019-04-26T20:02:59Z" duration-ms="6250" status="PASS">
          <reporter-output>
          </reporter-output>
        </test-method> <!-- setUp -->
        <test-method signature="uploadFileTest()[pri:0, instance:tests.TestWithAutoIT@762ef0ea]" started-at="2019-04-26T20:02:59Z" name="uploadFileTest" finished-at="2019-04-26T20:02:59Z" duration-ms="530" status="PASS">
          <reporter-output>
          </reporter-output>
        </test-method> <!-- uploadFileTest -->
        <test-method is-config="true" signature="tearDown()[pri:0, instance:tests.TestWithAutoIT@762ef0ea]" started-at="2019-04-26T20:02:59Z" name="tearDown" finished-at="2019-04-26T20:02:59Z" duration-ms="0" status="PASS">
          <reporter-output>
          </reporter-output>
        </test-method> <!-- tearDown -->
      </class> <!-- tests.TestWithAutoIT -->
    </test> <!-- Default test -->
  </suite> <!-- Default suite -->
</testng-results>
