<?xml version="1.0" encoding="UTF-8"?>
<!-- Generated by org.testng.reporters.JUnitXMLReporter -->
<testsuite ignored="0" hostname="DESKTOP-EIUQFPA" failures="0" tests="3" name="Default test" time="1.119" errors="0" timestamp="24 kwi 2019 16:34:28 GMT">
  <testcase classname="tests.TestWithDataProvider" name="dataProviderTest" time="0.016"/>
  <testcase classname="tests.TestWithDataProvider" name="dataProviderTest" time="0.003"/>
  <testcase classname="tests.TestWithDataProvider" name="dataProviderTest" time="0.005"/>
</testsuite> <!-- Default test -->
